[ 2025-02-20 19:53:38,739 ] comtypes.client._code_cache - INFO - Could not import comtypes.gen, trying to create it.
[ 2025-02-20 19:53:38,741 ] comtypes.client._code_cache - INFO - Created comtypes.gen directory: 'C:\Users\Raghu\Desktop\eva_project\Lib\site-packages\comtypes\gen'
[ 2025-02-20 19:53:38,741 ] comtypes.client._code_cache - INFO - Writing __init__.py file: 'C:\Users\Raghu\Desktop\eva_project\Lib\site-packages\comtypes\gen\__init__.py'
[ 2025-02-20 19:53:38,747 ] comtypes.client._code_cache - INFO - Using writeable comtypes cache directory: 'C:\Users\Raghu\Desktop\eva_project\Lib\site-packages\comtypes\gen'
[ 2025-02-20 19:53:38,774 ] comtypes.client._generate - INFO - Could not import comtypes.gen._C866CA3A_32F7_11D2_9602_00C04F8EE628_0_5_4: No module named 'comtypes.gen._C866CA3A_32F7_11D2_9602_00C04F8EE628_0_5_4'
[ 2025-02-20 19:53:38,781 ] comtypes.client._generate - INFO - # Generating comtypes.gen._C866CA3A_32F7_11D2_9602_00C04F8EE628_0_5_4
[ 2025-02-20 19:53:38,881 ] comtypes.client._generate - INFO - # Generating comtypes.gen.SpeechLib
[ 2025-02-20 19:53:38,889 ] comtypes.client._generate - INFO - Could not import comtypes.gen._00020430_0000_0000_C000_000000000046_0_2_0: No module named 'comtypes.gen._00020430_0000_0000_C000_000000000046_0_2_0'
[ 2025-02-20 19:53:38,890 ] comtypes.client._generate - INFO - # Generating comtypes.gen._00020430_0000_0000_C000_000000000046_0_2_0
[ 2025-02-20 19:53:38,898 ] comtypes.client._generate - INFO - # Generating comtypes.gen.stdole
[ 2025-02-20 19:53:50,854 ] root - INFO - 
[ 2025-02-20 19:53:53,659 ] root - INFO - 
[ 2025-02-20 19:53:56,725 ] root - INFO - 
[ 2025-02-20 19:54:06,658 ] root - INFO - 
[ 2025-02-20 19:54:09,465 ] root - INFO - 
[ 2025-02-20 19:54:12,344 ] root - INFO - 
[ 2025-02-20 19:54:21,960 ] root - INFO - 
[ 2025-02-20 19:54:24,737 ] root - INFO - 
[ 2025-02-20 19:54:35,235 ] root - INFO - 
[ 2025-02-20 19:54:48,854 ] root - INFO - 
[ 2025-02-20 19:54:55,911 ] root - INFO - 
[ 2025-02-20 19:54:58,724 ] root - INFO - 
[ 2025-02-20 19:55:06,944 ] root - INFO - 
[ 2025-02-20 19:55:13,758 ] root - INFO - 
[ 2025-02-20 19:55:16,569 ] root - INFO - 
[ 2025-02-20 19:55:24,378 ] root - INFO - 
[ 2025-02-20 19:55:27,452 ] root - INFO - 
[ 2025-02-20 19:55:30,178 ] root - INFO - 
[ 2025-02-20 19:55:35,442 ] root - INFO - 
[ 2025-02-20 19:55:43,947 ] root - INFO - 
[ 2025-02-20 19:55:46,630 ] root - INFO - 
[ 2025-02-20 19:56:08,983 ] root - INFO - 
[ 2025-02-20 19:56:11,995 ] root - INFO - 
[ 2025-02-20 19:56:14,816 ] root - INFO - 
[ 2025-02-20 19:56:20,826 ] root - INFO - 
[ 2025-02-20 19:56:30,791 ] root - INFO - 
[ 2025-02-20 19:56:37,392 ] root - INFO - 
[ 2025-02-20 19:57:11,425 ] comtypes.client._code_cache - INFO - Imported existing <module 'comtypes.gen' from 'C:\\Users\\Raghu\\Desktop\\eva_project\\Lib\\site-packages\\comtypes\\gen\\__init__.py'>
[ 2025-02-20 19:57:11,426 ] comtypes.client._code_cache - INFO - Using writeable comtypes cache directory: 'C:\Users\Raghu\Desktop\eva_project\Lib\site-packages\comtypes\gen'
[ 2025-02-20 19:57:22,106 ] root - INFO - 
[ 2025-02-20 19:57:24,948 ] root - INFO - 
[ 2025-02-20 19:57:57,435 ] root - INFO - 
[ 2025-02-20 19:58:00,949 ] root - INFO - 
[ 2025-02-20 19:59:06,852 ] comtypes.client._code_cache - INFO - Imported existing <module 'comtypes.gen' from 'C:\\Users\\Raghu\\Desktop\\eva_project\\Lib\\site-packages\\comtypes\\gen\\__init__.py'>
[ 2025-02-20 19:59:06,853 ] comtypes.client._code_cache - INFO - Using writeable comtypes cache directory: 'C:\Users\Raghu\Desktop\eva_project\Lib\site-packages\comtypes\gen'
[ 2025-02-20 19:59:17,556 ] root - INFO - 
[ 2025-02-20 19:59:20,318 ] root - INFO - 
[ 2025-02-20 20:00:53,597 ] comtypes.client._code_cache - INFO - Imported existing <module 'comtypes.gen' from 'C:\\Users\\Raghu\\Desktop\\eva_project\\Lib\\site-packages\\comtypes\\gen\\__init__.py'>
[ 2025-02-20 20:00:53,598 ] comtypes.client._code_cache - INFO - Using writeable comtypes cache directory: 'C:\Users\Raghu\Desktop\eva_project\Lib\site-packages\comtypes\gen'
[ 2025-02-20 20:01:04,585 ] root - INFO - 
[ 2025-02-20 20:01:07,161 ] root - INFO - 
[ 2025-02-20 20:01:13,876 ] root - INFO - 
[ 2025-02-20 20:01:16,859 ] root - INFO - 
[ 2025-02-20 20:03:18,974 ] comtypes.client._code_cache - INFO - Imported existing <module 'comtypes.gen' from 'C:\\Users\\Raghu\\Desktop\\eva_project\\Lib\\site-packages\\comtypes\\gen\\__init__.py'>
[ 2025-02-20 20:03:18,974 ] comtypes.client._code_cache - INFO - Using writeable comtypes cache directory: 'C:\Users\Raghu\Desktop\eva_project\Lib\site-packages\comtypes\gen'
[ 2025-02-20 20:03:29,643 ] root - INFO - 
[ 2025-02-20 20:03:32,525 ] root - INFO - 
[ 2025-02-20 20:03:35,526 ] root - INFO - 
[ 2025-02-20 20:03:39,328 ] root - INFO - 
[ 2025-02-20 20:03:45,844 ] root - INFO - 
[ 2025-02-20 20:03:50,853 ] root - INFO - 
[ 2025-02-20 20:03:58,155 ] root - INFO - 
[ 2025-02-20 20:04:04,679 ] root - INFO - 
[ 2025-02-20 20:04:07,588 ] root - INFO - 
[ 2025-02-20 20:04:10,388 ] root - INFO - 
[ 2025-02-20 20:04:45,218 ] comtypes.client._code_cache - INFO - Imported existing <module 'comtypes.gen' from 'C:\\Users\\Raghu\\Desktop\\eva_project\\Lib\\site-packages\\comtypes\\gen\\__init__.py'>
[ 2025-02-20 20:04:45,219 ] comtypes.client._code_cache - INFO - Using writeable comtypes cache directory: 'C:\Users\Raghu\Desktop\eva_project\Lib\site-packages\comtypes\gen'
[ 2025-02-20 20:04:59,491 ] root - INFO - 
[ 2025-02-20 20:05:04,996 ] root - INFO - 
[ 2025-02-20 20:07:42,514 ] comtypes.client._code_cache - INFO - Imported existing <module 'comtypes.gen' from 'C:\\Users\\Raghu\\Desktop\\eva_project\\Lib\\site-packages\\comtypes\\gen\\__init__.py'>
[ 2025-02-20 20:07:42,514 ] comtypes.client._code_cache - INFO - Using writeable comtypes cache directory: 'C:\Users\Raghu\Desktop\eva_project\Lib\site-packages\comtypes\gen'
[ 2025-02-20 20:07:53,236 ] root - INFO - 
[ 2025-02-20 20:07:59,945 ] root - INFO - 
[ 2025-02-20 20:08:03,277 ] root - INFO - 
[ 2025-02-20 20:08:06,197 ] root - INFO - 
[ 2025-02-20 20:08:11,886 ] root - INFO - 
[ 2025-02-20 20:08:16,238 ] root - INFO - 
[ 2025-02-20 20:13:31,792 ] comtypes.client._code_cache - INFO - Imported existing <module 'comtypes.gen' from 'C:\\Users\\Raghu\\Desktop\\eva_project\\Lib\\site-packages\\comtypes\\gen\\__init__.py'>
[ 2025-02-20 20:13:31,793 ] comtypes.client._code_cache - INFO - Using writeable comtypes cache directory: 'C:\Users\Raghu\Desktop\eva_project\Lib\site-packages\comtypes\gen'
[ 2025-02-20 20:15:25,773 ] comtypes.client._code_cache - INFO - Imported existing <module 'comtypes.gen' from 'C:\\Users\\Raghu\\Desktop\\eva_project\\Lib\\site-packages\\comtypes\\gen\\__init__.py'>
[ 2025-02-20 20:15:25,774 ] comtypes.client._code_cache - INFO - Using writeable comtypes cache directory: 'C:\Users\Raghu\Desktop\eva_project\Lib\site-packages\comtypes\gen'
[ 2025-02-20 20:16:13,877 ] root - INFO - 
[ 2025-02-20 20:16:16,701 ] root - INFO - 
[ 2025-02-20 20:16:29,242 ] root - INFO - 
[ 2025-02-20 20:16:38,363 ] root - INFO - 
[ 2025-02-20 20:16:41,254 ] root - INFO - 
[ 2025-02-20 20:16:43,879 ] root - INFO - 
[ 2025-02-20 20:16:47,436 ] root - INFO - 
[ 2025-02-20 20:16:50,274 ] root - INFO - 
[ 2025-02-20 20:17:02,518 ] root - INFO - 
[ 2025-02-20 20:17:05,609 ] root - INFO - 
[ 2025-02-20 20:17:08,499 ] root - INFO - 
[ 2025-02-20 20:17:12,251 ] root - INFO - 
[ 2025-02-20 20:17:19,109 ] root - INFO - 
[ 2025-02-20 20:17:22,486 ] root - INFO - 
[ 2025-02-20 20:17:24,960 ] root - INFO - 
[ 2025-02-20 20:17:28,397 ] root - INFO - 
[ 2025-02-20 20:17:31,300 ] root - INFO - 
[ 2025-02-20 20:17:36,007 ] root - INFO - 
[ 2025-02-20 20:17:39,587 ] root - INFO - 
[ 2025-02-20 20:17:42,765 ] root - INFO - 
[ 2025-02-20 20:17:45,708 ] root - INFO - 
[ 2025-02-20 20:17:48,599 ] root - INFO - 
[ 2025-02-20 20:17:59,762 ] root - INFO - 
[ 2025-02-20 20:18:07,543 ] root - INFO - 
[ 2025-02-20 20:18:11,789 ] root - INFO - 
[ 2025-02-20 20:18:14,481 ] root - INFO - 
[ 2025-02-20 20:18:31,286 ] root - INFO - 
[ 2025-02-20 20:18:34,123 ] root - INFO - 
[ 2025-02-20 20:18:46,656 ] root - INFO - 
[ 2025-02-20 20:18:49,500 ] root - INFO - 
[ 2025-02-20 20:19:09,210 ] root - INFO - 
[ 2025-02-20 20:19:11,938 ] root - INFO - 
[ 2025-02-20 20:19:15,635 ] root - INFO - 
[ 2025-02-20 20:19:18,515 ] root - INFO - 
[ 2025-02-20 20:19:28,087 ] root - INFO - 
[ 2025-02-20 20:19:30,965 ] root - INFO - 
[ 2025-02-20 20:19:46,359 ] root - INFO - 
[ 2025-02-20 20:19:50,559 ] root - INFO - 
[ 2025-02-20 20:19:53,304 ] root - INFO - 
[ 2025-02-20 20:20:01,517 ] root - INFO - 
[ 2025-02-20 20:20:04,143 ] root - INFO - 
[ 2025-02-20 20:20:18,359 ] root - INFO - 
[ 2025-02-20 20:20:21,202 ] root - INFO - 
[ 2025-02-20 20:20:33,704 ] root - INFO - 
[ 2025-02-20 20:20:36,065 ] root - INFO - 
[ 2025-02-20 20:20:40,225 ] root - INFO - 
[ 2025-02-20 20:20:50,874 ] root - INFO - 
[ 2025-02-20 20:20:53,600 ] root - INFO - 
[ 2025-02-20 20:21:18,099 ] root - INFO - 
[ 2025-02-20 20:21:22,042 ] root - INFO - 
[ 2025-02-20 20:21:29,891 ] root - INFO - 
[ 2025-02-20 20:21:32,586 ] root - INFO - 
[ 2025-02-20 20:21:47,809 ] root - INFO - 
[ 2025-02-20 20:21:50,709 ] root - INFO - 
[ 2025-02-20 20:21:53,637 ] root - INFO - 
[ 2025-02-20 20:22:05,283 ] root - INFO - 
[ 2025-02-20 20:22:08,905 ] root - INFO - 
[ 2025-02-20 20:22:11,852 ] root - INFO - 
[ 2025-02-20 20:22:14,822 ] root - INFO - 
[ 2025-02-20 20:22:17,649 ] root - INFO - 
[ 2025-02-20 20:22:22,115 ] root - INFO - 
[ 2025-02-20 20:22:33,992 ] root - INFO - 
[ 2025-02-20 20:22:37,474 ] root - INFO - 
[ 2025-02-20 20:22:40,241 ] root - INFO - 
[ 2025-02-20 20:22:44,256 ] root - INFO - 
[ 2025-02-20 20:22:47,039 ] root - INFO - 
[ 2025-02-20 20:22:49,995 ] root - INFO - 
[ 2025-02-20 20:22:53,678 ] root - INFO - 
[ 2025-02-20 20:22:56,907 ] root - INFO - 
[ 2025-02-20 20:23:01,026 ] root - INFO - 
[ 2025-02-20 20:23:03,884 ] root - INFO - 
[ 2025-02-20 20:23:15,249 ] root - INFO - 
[ 2025-02-20 20:23:18,063 ] root - INFO - 
[ 2025-02-20 20:23:25,771 ] root - INFO - 
[ 2025-02-20 20:23:29,799 ] root - INFO - 
[ 2025-02-20 20:23:35,837 ] root - INFO - 
[ 2025-02-20 20:23:38,625 ] root - INFO - 
[ 2025-02-20 20:23:52,941 ] root - INFO - 
[ 2025-02-20 20:23:55,703 ] root - INFO - 
[ 2025-02-20 20:23:59,559 ] root - INFO - 
[ 2025-02-20 20:24:24,075 ] root - INFO - 
[ 2025-02-20 20:24:26,808 ] root - INFO - 
[ 2025-02-20 20:24:30,536 ] root - INFO - 
[ 2025-02-20 20:24:41,482 ] root - INFO - 
[ 2025-02-20 20:24:44,207 ] root - INFO - 
[ 2025-02-20 20:24:53,934 ] root - INFO - 
[ 2025-02-20 20:24:56,667 ] root - INFO - 
[ 2025-02-20 20:25:10,240 ] root - INFO - 
[ 2025-02-20 20:25:13,038 ] root - INFO - 
[ 2025-02-20 20:25:37,292 ] root - INFO - 
[ 2025-02-20 20:25:40,069 ] root - INFO - 
[ 2025-02-20 20:25:55,224 ] root - INFO - 
[ 2025-02-20 20:25:57,945 ] root - INFO - 
[ 2025-02-20 20:26:10,262 ] root - INFO - 
[ 2025-02-20 20:26:13,002 ] root - INFO - 
[ 2025-02-20 20:26:24,804 ] root - INFO - 
[ 2025-02-20 20:27:26,634 ] comtypes.client._code_cache - INFO - Imported existing <module 'comtypes.gen' from 'C:\\Users\\Raghu\\Desktop\\eva_project\\Lib\\site-packages\\comtypes\\gen\\__init__.py'>
[ 2025-02-20 20:27:26,635 ] comtypes.client._code_cache - INFO - Using writeable comtypes cache directory: 'C:\Users\Raghu\Desktop\eva_project\Lib\site-packages\comtypes\gen'
[ 2025-02-20 20:29:14,377 ] comtypes.client._code_cache - INFO - Imported existing <module 'comtypes.gen' from 'C:\\Users\\Raghu\\Desktop\\eva_project\\Lib\\site-packages\\comtypes\\gen\\__init__.py'>
[ 2025-02-20 20:29:14,377 ] comtypes.client._code_cache - INFO - Using writeable comtypes cache directory: 'C:\Users\Raghu\Desktop\eva_project\Lib\site-packages\comtypes\gen'
[ 2025-02-20 20:32:33,922 ] comtypes.client._code_cache - INFO - Imported existing <module 'comtypes.gen' from 'C:\\Users\\Raghu\\Desktop\\eva_project\\Lib\\site-packages\\comtypes\\gen\\__init__.py'>
[ 2025-02-20 20:32:33,923 ] comtypes.client._code_cache - INFO - Using writeable comtypes cache directory: 'C:\Users\Raghu\Desktop\eva_project\Lib\site-packages\comtypes\gen'
[ 2025-02-20 20:37:04,937 ] comtypes.client._code_cache - INFO - Imported existing <module 'comtypes.gen' from 'C:\\Users\\Raghu\\Desktop\\eva_project\\Lib\\site-packages\\comtypes\\gen\\__init__.py'>
[ 2025-02-20 20:37:04,937 ] comtypes.client._code_cache - INFO - Using writeable comtypes cache directory: 'C:\Users\Raghu\Desktop\eva_project\Lib\site-packages\comtypes\gen'
[ 2025-02-20 20:42:32,235 ] comtypes.client._code_cache - INFO - Imported existing <module 'comtypes.gen' from 'C:\\Users\\Raghu\\Desktop\\eva_project\\Lib\\site-packages\\comtypes\\gen\\__init__.py'>
[ 2025-02-20 20:42:32,235 ] comtypes.client._code_cache - INFO - Using writeable comtypes cache directory: 'C:\Users\Raghu\Desktop\eva_project\Lib\site-packages\comtypes\gen'
[ 2025-02-20 20:42:44,928 ] root - ERROR - Failed to open application: [WinError 2] The system cannot find the file specified
[ 2025-02-20 20:43:00,699 ] root - ERROR - Failed to open application: [WinError 2] The system cannot find the file specified
[ 2025-02-20 20:43:47,556 ] root - ERROR - Failed to open application: [WinError 2] The system cannot find the file specified
[ 2025-02-20 20:44:42,739 ] root - ERROR - Failed to open application: [WinError 2] The system cannot find the file specified
[ 2025-02-20 20:44:50,017 ] root - ERROR - Failed to open application: [WinError 2] The system cannot find the file specified
[ 2025-02-20 20:48:35,613 ] comtypes.client._code_cache - INFO - Imported existing <module 'comtypes.gen' from 'C:\\Users\\Raghu\\Desktop\\eva_project\\Lib\\site-packages\\comtypes\\gen\\__init__.py'>
[ 2025-02-20 20:48:35,613 ] comtypes.client._code_cache - INFO - Using writeable comtypes cache directory: 'C:\Users\Raghu\Desktop\eva_project\Lib\site-packages\comtypes\gen'
[ 2025-02-20 20:49:20,909 ] root - ERROR - Failed to open application or website: [WinError 2] The system cannot find the file specified
[ 2025-02-20 20:50:07,001 ] root - ERROR - Calculation error: invalid syntax (<string>, line 1)
[ 2025-02-20 20:50:21,839 ] root - ERROR - Calculation error: invalid syntax (<string>, line 1)
[ 2025-02-20 20:50:49,448 ] root - ERROR - Calculation error: invalid syntax (<string>, line 1)
[ 2025-02-20 20:55:31,225 ] root - ERROR - Wikipedia error: "when" may refer to: 
Five Ws
WHEN (AM)
WWHT
WTVH
When (band)
Rob Overseer
When (album)
"When" (The Kalin Twins song)
"When" (Red Vincent Hurley song)
"When" (Shania Twain song)
Diamonds for Breakfast
Intertwined
Losing My Religion
The World Needs a Hero
My Arms, Your Hearse
Perry Como
Half-Light
Spirit of '76
Welcome
[ 2025-02-20 21:25:44,386 ] comtypes.client._code_cache - INFO - Imported existing <module 'comtypes.gen' from 'C:\\Users\\Raghu\\Desktop\\eva_project\\Lib\\site-packages\\comtypes\\gen\\__init__.py'>
[ 2025-02-20 21:25:44,387 ] comtypes.client._code_cache - INFO - Using writeable comtypes cache directory: 'C:\Users\Raghu\Desktop\eva_project\Lib\site-packages\comtypes\gen'
[ 2025-02-20 21:27:31,712 ] comtypes.client._code_cache - INFO - Imported existing <module 'comtypes.gen' from 'C:\\Users\\Raghu\\Desktop\\eva_project\\Lib\\site-packages\\comtypes\\gen\\__init__.py'>
[ 2025-02-20 21:27:31,713 ] comtypes.client._code_cache - INFO - Using writeable comtypes cache directory: 'C:\Users\Raghu\Desktop\eva_project\Lib\site-packages\comtypes\gen'
[ 2025-02-20 21:33:04,336 ] comtypes.client._code_cache - INFO - Imported existing <module 'comtypes.gen' from 'C:\\Users\\Raghu\\Desktop\\eva_project\\Lib\\site-packages\\comtypes\\gen\\__init__.py'>
[ 2025-02-20 21:33:04,337 ] comtypes.client._code_cache - INFO - Using writeable comtypes cache directory: 'C:\Users\Raghu\Desktop\eva_project\Lib\site-packages\comtypes\gen'
[ 2025-02-20 21:38:37,638 ] comtypes.client._code_cache - INFO - Imported existing <module 'comtypes.gen' from 'C:\\Users\\Raghu\\Desktop\\eva_project\\Lib\\site-packages\\comtypes\\gen\\__init__.py'>
[ 2025-02-20 21:38:37,639 ] comtypes.client._code_cache - INFO - Using writeable comtypes cache directory: 'C:\Users\Raghu\Desktop\eva_project\Lib\site-packages\comtypes\gen'
[ 2025-02-20 21:39:33,201 ] comtypes.client._code_cache - INFO - Imported existing <module 'comtypes.gen' from 'C:\\Users\\Raghu\\Desktop\\eva_project\\Lib\\site-packages\\comtypes\\gen\\__init__.py'>
[ 2025-02-20 21:39:33,202 ] comtypes.client._code_cache - INFO - Using writeable comtypes cache directory: 'C:\Users\Raghu\Desktop\eva_project\Lib\site-packages\comtypes\gen'
[ 2025-02-20 21:49:42,814 ] comtypes.client._code_cache - INFO - Imported existing <module 'comtypes.gen' from 'C:\\Users\\Raghu\\Desktop\\eva_project\\Lib\\site-packages\\comtypes\\gen\\__init__.py'>
[ 2025-02-20 21:49:42,814 ] comtypes.client._code_cache - INFO - Using writeable comtypes cache directory: 'C:\Users\Raghu\Desktop\eva_project\Lib\site-packages\comtypes\gen'
[ 2025-02-20 21:51:51,561 ] comtypes.client._code_cache - INFO - Imported existing <module 'comtypes.gen' from 'C:\\Users\\Raghu\\Desktop\\eva_project\\Lib\\site-packages\\comtypes\\gen\\__init__.py'>
[ 2025-02-20 21:51:51,562 ] comtypes.client._code_cache - INFO - Using writeable comtypes cache directory: 'C:\Users\Raghu\Desktop\eva_project\Lib\site-packages\comtypes\gen'
[ 2025-02-20 21:54:08,350 ] comtypes.client._code_cache - INFO - Imported existing <module 'comtypes.gen' from 'C:\\Users\\Raghu\\Desktop\\eva_project\\Lib\\site-packages\\comtypes\\gen\\__init__.py'>
[ 2025-02-20 21:54:08,351 ] comtypes.client._code_cache - INFO - Using writeable comtypes cache directory: 'C:\Users\Raghu\Desktop\eva_project\Lib\site-packages\comtypes\gen'
[ 2025-02-20 21:57:36,764 ] comtypes.client._code_cache - INFO - Imported existing <module 'comtypes.gen' from 'C:\\Users\\Raghu\\Desktop\\eva_project\\Lib\\site-packages\\comtypes\\gen\\__init__.py'>
[ 2025-02-20 21:57:36,765 ] comtypes.client._code_cache - INFO - Using writeable comtypes cache directory: 'C:\Users\Raghu\Desktop\eva_project\Lib\site-packages\comtypes\gen'
[ 2025-02-20 21:58:35,391 ] root - ERROR - Failed to open application or website: [WinError 2] The system cannot find the file specified
[ 2025-02-20 21:58:51,111 ] root - ERROR - Failed to open application or website: [WinError 2] The system cannot find the file specified
[ 2025-02-20 21:59:47,433 ] root - ERROR - Failed to open application or website: [WinError 2] The system cannot find the file specified
[ 2025-02-20 22:03:26,583 ] comtypes.client._code_cache - INFO - Imported existing <module 'comtypes.gen' from 'C:\\Users\\Raghu\\Desktop\\eva_project\\Lib\\site-packages\\comtypes\\gen\\__init__.py'>
[ 2025-02-20 22:03:26,584 ] comtypes.client._code_cache - INFO - Using writeable comtypes cache directory: 'C:\Users\Raghu\Desktop\eva_project\Lib\site-packages\comtypes\gen'
[ 2025-02-20 22:06:53,378 ] comtypes.client._code_cache - INFO - Imported existing <module 'comtypes.gen' from 'C:\\Users\\Raghu\\Desktop\\eva_project\\Lib\\site-packages\\comtypes\\gen\\__init__.py'>
[ 2025-02-20 22:06:53,379 ] comtypes.client._code_cache - INFO - Using writeable comtypes cache directory: 'C:\Users\Raghu\Desktop\eva_project\Lib\site-packages\comtypes\gen'
[ 2025-02-20 22:07:04,224 ] root - INFO - 
[ 2025-02-20 22:07:07,154 ] root - INFO - 
[ 2025-02-20 22:07:15,533 ] root - INFO - 
[ 2025-02-20 22:07:18,536 ] root - INFO - 
[ 2025-02-20 22:07:33,920 ] root - INFO - 
[ 2025-02-20 22:07:36,658 ] root - INFO - 
[ 2025-02-20 22:07:48,281 ] root - INFO - 
[ 2025-02-20 22:07:51,165 ] root - INFO - 
[ 2025-02-20 22:08:01,957 ] root - INFO - 
[ 2025-02-20 22:08:08,244 ] root - INFO - 
[ 2025-02-20 22:08:15,188 ] root - INFO - 
[ 2025-02-20 22:33:22,816 ] comtypes.client._code_cache - INFO - Imported existing <module 'comtypes.gen' from 'C:\\Users\\Raghu\\Desktop\\eva_project\\Lib\\site-packages\\comtypes\\gen\\__init__.py'>
[ 2025-02-20 22:33:22,816 ] comtypes.client._code_cache - INFO - Using writeable comtypes cache directory: 'C:\Users\Raghu\Desktop\eva_project\Lib\site-packages\comtypes\gen'
[ 2025-02-20 22:35:43,201 ] comtypes.client._code_cache - INFO - Imported existing <module 'comtypes.gen' from 'C:\\Users\\Raghu\\Desktop\\eva_project\\Lib\\site-packages\\comtypes\\gen\\__init__.py'>
[ 2025-02-20 22:35:43,202 ] comtypes.client._code_cache - INFO - Using writeable comtypes cache directory: 'C:\Users\Raghu\Desktop\eva_project\Lib\site-packages\comtypes\gen'
[ 2025-02-20 22:40:35,997 ] comtypes.client._code_cache - INFO - Imported existing <module 'comtypes.gen' from 'C:\\Users\\Raghu\\Desktop\\eva_project\\Lib\\site-packages\\comtypes\\gen\\__init__.py'>
[ 2025-02-20 22:40:35,997 ] comtypes.client._code_cache - INFO - Using writeable comtypes cache directory: 'C:\Users\Raghu\Desktop\eva_project\Lib\site-packages\comtypes\gen'
[ 2025-02-20 22:41:37,519 ] comtypes.client._code_cache - INFO - Imported existing <module 'comtypes.gen' from 'C:\\Users\\Raghu\\Desktop\\eva_project\\Lib\\site-packages\\comtypes\\gen\\__init__.py'>
[ 2025-02-20 22:41:37,519 ] comtypes.client._code_cache - INFO - Using writeable comtypes cache directory: 'C:\Users\Raghu\Desktop\eva_project\Lib\site-packages\comtypes\gen'
[ 2025-02-20 22:41:56,970 ] comtypes.client._code_cache - INFO - Imported existing <module 'comtypes.gen' from 'C:\\Users\\Raghu\\Desktop\\eva_project\\Lib\\site-packages\\comtypes\\gen\\__init__.py'>
[ 2025-02-20 22:41:56,971 ] comtypes.client._code_cache - INFO - Using writeable comtypes cache directory: 'C:\Users\Raghu\Desktop\eva_project\Lib\site-packages\comtypes\gen'
[ 2025-02-20 22:43:27,393 ] comtypes.client._code_cache - INFO - Imported existing <module 'comtypes.gen' from 'C:\\Users\\Raghu\\Desktop\\eva_project\\Lib\\site-packages\\comtypes\\gen\\__init__.py'>
[ 2025-02-20 22:43:27,394 ] comtypes.client._code_cache - INFO - Using writeable comtypes cache directory: 'C:\Users\Raghu\Desktop\eva_project\Lib\site-packages\comtypes\gen'
[ 2025-02-20 22:45:36,601 ] comtypes.client._code_cache - INFO - Imported existing <module 'comtypes.gen' from 'C:\\Users\\Raghu\\Desktop\\eva_project\\Lib\\site-packages\\comtypes\\gen\\__init__.py'>
[ 2025-02-20 22:45:36,602 ] comtypes.client._code_cache - INFO - Using writeable comtypes cache directory: 'C:\Users\Raghu\Desktop\eva_project\Lib\site-packages\comtypes\gen'
[ 2025-02-20 22:48:43,591 ] comtypes.client._code_cache - INFO - Imported existing <module 'comtypes.gen' from 'C:\\Users\\Raghu\\Desktop\\eva_project\\Lib\\site-packages\\comtypes\\gen\\__init__.py'>
[ 2025-02-20 22:48:43,591 ] comtypes.client._code_cache - INFO - Using writeable comtypes cache directory: 'C:\Users\Raghu\Desktop\eva_project\Lib\site-packages\comtypes\gen'
[ 2025-02-20 22:50:36,787 ] comtypes.client._code_cache - INFO - Imported existing <module 'comtypes.gen' from 'C:\\Users\\Raghu\\Desktop\\eva_project\\Lib\\site-packages\\comtypes\\gen\\__init__.py'>
[ 2025-02-20 22:50:36,788 ] comtypes.client._code_cache - INFO - Using writeable comtypes cache directory: 'C:\Users\Raghu\Desktop\eva_project\Lib\site-packages\comtypes\gen'
[ 2025-02-20 22:51:34,822 ] comtypes.client._code_cache - INFO - Imported existing <module 'comtypes.gen' from 'C:\\Users\\Raghu\\Desktop\\eva_project\\Lib\\site-packages\\comtypes\\gen\\__init__.py'>
[ 2025-02-20 22:51:34,822 ] comtypes.client._code_cache - INFO - Using writeable comtypes cache directory: 'C:\Users\Raghu\Desktop\eva_project\Lib\site-packages\comtypes\gen'
[ 2025-02-20 23:04:40,861 ] comtypes.client._code_cache - INFO - Imported existing <module 'comtypes.gen' from 'C:\\Users\\Raghu\\Desktop\\eva_project\\Lib\\site-packages\\comtypes\\gen\\__init__.py'>
[ 2025-02-20 23:04:40,861 ] comtypes.client._code_cache - INFO - Using writeable comtypes cache directory: 'C:\Users\Raghu\Desktop\eva_project\Lib\site-packages\comtypes\gen'
[ 2025-02-20 23:07:45,635 ] comtypes.client._code_cache - INFO - Imported existing <module 'comtypes.gen' from 'C:\\Users\\Raghu\\Desktop\\eva_project\\Lib\\site-packages\\comtypes\\gen\\__init__.py'>
[ 2025-02-20 23:07:45,636 ] comtypes.client._code_cache - INFO - Using writeable comtypes cache directory: 'C:\Users\Raghu\Desktop\eva_project\Lib\site-packages\comtypes\gen'
[ 2025-02-20 23:08:24,277 ] comtypes.client._code_cache - INFO - Imported existing <module 'comtypes.gen' from 'C:\\Users\\Raghu\\Desktop\\eva_project\\Lib\\site-packages\\comtypes\\gen\\__init__.py'>
[ 2025-02-20 23:08:24,278 ] comtypes.client._code_cache - INFO - Using writeable comtypes cache directory: 'C:\Users\Raghu\Desktop\eva_project\Lib\site-packages\comtypes\gen'
[ 2025-02-20 23:09:06,519 ] comtypes.client._code_cache - INFO - Imported existing <module 'comtypes.gen' from 'C:\\Users\\Raghu\\Desktop\\eva_project\\Lib\\site-packages\\comtypes\\gen\\__init__.py'>
[ 2025-02-20 23:09:06,519 ] comtypes.client._code_cache - INFO - Using writeable comtypes cache directory: 'C:\Users\Raghu\Desktop\eva_project\Lib\site-packages\comtypes\gen'
[ 2025-02-20 23:11:44,981 ] comtypes.client._code_cache - INFO - Imported existing <module 'comtypes.gen' from 'C:\\Users\\Raghu\\Desktop\\eva_project\\Lib\\site-packages\\comtypes\\gen\\__init__.py'>
[ 2025-02-20 23:11:44,981 ] comtypes.client._code_cache - INFO - Using writeable comtypes cache directory: 'C:\Users\Raghu\Desktop\eva_project\Lib\site-packages\comtypes\gen'
[ 2025-02-20 23:18:58,923 ] comtypes.client._code_cache - INFO - Imported existing <module 'comtypes.gen' from 'C:\\Users\\Raghu\\Desktop\\eva_project\\Lib\\site-packages\\comtypes\\gen\\__init__.py'>
[ 2025-02-20 23:18:58,924 ] comtypes.client._code_cache - INFO - Using writeable comtypes cache directory: 'C:\Users\Raghu\Desktop\eva_project\Lib\site-packages\comtypes\gen'
[ 2025-02-20 23:23:03,048 ] comtypes.client._code_cache - INFO - Imported existing <module 'comtypes.gen' from 'C:\\Users\\Raghu\\Desktop\\eva_project\\Lib\\site-packages\\comtypes\\gen\\__init__.py'>
[ 2025-02-20 23:23:03,049 ] comtypes.client._code_cache - INFO - Using writeable comtypes cache directory: 'C:\Users\Raghu\Desktop\eva_project\Lib\site-packages\comtypes\gen'
[ 2025-02-20 23:24:09,428 ] comtypes.client._code_cache - INFO - Imported existing <module 'comtypes.gen' from 'C:\\Users\\Raghu\\Desktop\\eva_project\\Lib\\site-packages\\comtypes\\gen\\__init__.py'>
[ 2025-02-20 23:24:09,428 ] comtypes.client._code_cache - INFO - Using writeable comtypes cache directory: 'C:\Users\Raghu\Desktop\eva_project\Lib\site-packages\comtypes\gen'
[ 2025-02-21 09:43:33,611 ] comtypes.client._code_cache - INFO - Imported existing <module 'comtypes.gen' from 'C:\\Users\\Raghu\\Desktop\\eva_project\\Lib\\site-packages\\comtypes\\gen\\__init__.py'>
[ 2025-02-21 09:43:33,612 ] comtypes.client._code_cache - INFO - Using writeable comtypes cache directory: 'C:\Users\Raghu\Desktop\eva_project\Lib\site-packages\comtypes\gen'
[ 2025-02-21 09:43:46,801 ] root - ERROR - Speech recognition service error: recognition connection failed: [Errno 11001] getaddrinfo failed
[ 2025-02-21 09:43:53,557 ] root - ERROR - Speech recognition service error: recognition connection failed: [Errno 11001] getaddrinfo failed
[ 2025-02-21 09:43:58,847 ] root - ERROR - Speech recognition service error: recognition connection failed: [Errno 11001] getaddrinfo failed
[ 2025-02-21 09:44:03,932 ] root - ERROR - Speech recognition service error: recognition connection failed: [Errno 11001] getaddrinfo failed
[ 2025-02-21 09:44:11,098 ] root - ERROR - Speech recognition service error: recognition connection failed: [Errno 11001] getaddrinfo failed
[ 2025-02-21 09:44:16,203 ] root - ERROR - Speech recognition service error: recognition connection failed: [Errno 11001] getaddrinfo failed
[ 2025-02-21 09:44:22,204 ] root - ERROR - Speech recognition service error: recognition connection failed: [Errno 11001] getaddrinfo failed
[ 2025-02-21 09:44:27,326 ] root - ERROR - Speech recognition service error: recognition connection failed: [Errno 11001] getaddrinfo failed
[ 2025-02-21 09:44:34,656 ] root - ERROR - Speech recognition service error: recognition connection failed: [Errno 11001] getaddrinfo failed
[ 2025-02-21 09:44:48,188 ] root - ERROR - Speech recognition service error: recognition connection failed: [Errno 11001] getaddrinfo failed
[ 2025-02-21 09:45:30,737 ] comtypes.client._code_cache - INFO - Imported existing <module 'comtypes.gen' from 'C:\\Users\\Raghu\\Desktop\\eva_project\\Lib\\site-packages\\comtypes\\gen\\__init__.py'>
[ 2025-02-21 09:45:30,737 ] comtypes.client._code_cache - INFO - Using writeable comtypes cache directory: 'C:\Users\Raghu\Desktop\eva_project\Lib\site-packages\comtypes\gen'
[ 2025-02-21 09:46:39,732 ] comtypes.client._code_cache - INFO - Imported existing <module 'comtypes.gen' from 'C:\\Users\\Raghu\\Desktop\\eva_project\\Lib\\site-packages\\comtypes\\gen\\__init__.py'>
[ 2025-02-21 09:46:39,732 ] comtypes.client._code_cache - INFO - Using writeable comtypes cache directory: 'C:\Users\Raghu\Desktop\eva_project\Lib\site-packages\comtypes\gen'
[ 2025-02-21 09:57:01,847 ] comtypes.client._code_cache - INFO - Imported existing <module 'comtypes.gen' from 'C:\\Users\\Raghu\\Desktop\\eva_project\\Lib\\site-packages\\comtypes\\gen\\__init__.py'>
[ 2025-02-21 09:57:01,847 ] comtypes.client._code_cache - INFO - Using writeable comtypes cache directory: 'C:\Users\Raghu\Desktop\eva_project\Lib\site-packages\comtypes\gen'
[ 2025-02-21 09:57:28,222 ] root - ERROR - Speech recognition service error: recognition connection failed: [Errno 11001] getaddrinfo failed
[ 2025-02-21 10:07:00,552 ] comtypes.client._code_cache - INFO - Imported existing <module 'comtypes.gen' from 'C:\\Users\\Raghu\\Desktop\\eva_project\\Lib\\site-packages\\comtypes\\gen\\__init__.py'>
[ 2025-02-21 10:07:00,553 ] comtypes.client._code_cache - INFO - Using writeable comtypes cache directory: 'C:\Users\Raghu\Desktop\eva_project\Lib\site-packages\comtypes\gen'
[ 2025-02-21 10:09:29,651 ] comtypes.client._code_cache - INFO - Imported existing <module 'comtypes.gen' from 'C:\\Users\\Raghu\\Desktop\\eva_project\\Lib\\site-packages\\comtypes\\gen\\__init__.py'>
[ 2025-02-21 10:09:29,652 ] comtypes.client._code_cache - INFO - Using writeable comtypes cache directory: 'C:\Users\Raghu\Desktop\eva_project\Lib\site-packages\comtypes\gen'
[ 2025-02-21 12:37:36,424 ] comtypes.client._code_cache - INFO - Imported existing <module 'comtypes.gen' from 'C:\\Users\\Raghu\\Desktop\\eva_project\\Lib\\site-packages\\comtypes\\gen\\__init__.py'>
[ 2025-02-21 12:37:36,428 ] comtypes.client._code_cache - INFO - Using writeable comtypes cache directory: 'C:\Users\Raghu\Desktop\eva_project\Lib\site-packages\comtypes\gen'
[ 2025-02-21 12:38:26,224 ] root - ERROR - Wikipedia error: An unknown error occured: "The "srsearch" parameter must be set.". Please report it on GitHub!
[ 2025-02-21 12:45:44,690 ] comtypes.client._code_cache - INFO - Imported existing <module 'comtypes.gen' from 'C:\\Users\\Raghu\\Desktop\\eva_project\\Lib\\site-packages\\comtypes\\gen\\__init__.py'>
[ 2025-02-21 12:45:44,691 ] comtypes.client._code_cache - INFO - Using writeable comtypes cache directory: 'C:\Users\Raghu\Desktop\eva_project\Lib\site-packages\comtypes\gen'
[ 2025-02-21 12:46:40,659 ] root - ERROR - Speech recognition service error: recognition connection failed: [WinError 10060] A connection attempt failed because the connected party did not properly respond after a period of time, or established connection failed because connected host has failed to respond
[ 2025-07-14 12:28:18,472 ] comtypes.client._code_cache - INFO - Imported existing <module 'comtypes.gen' from 'C:\\Users\\Raghu\\AppData\\Local\\Programs\\Python\\Python313\\Lib\\site-packages\\comtypes\\gen\\__init__.py'>
[ 2025-07-14 12:28:18,474 ] comtypes.client._code_cache - INFO - Using writeable comtypes cache directory: 'C:\Users\Raghu\AppData\Local\Programs\Python\Python313\Lib\site-packages\comtypes\gen'
[ 2025-07-14 12:28:18,629 ] comtypes.client._generate - INFO - Could not import comtypes.gen._C866CA3A_32F7_11D2_9602_00C04F8EE628_0_5_4: Typelib different than module
[ 2025-07-14 12:28:18,636 ] comtypes.client._generate - INFO - # Generating comtypes.gen._C866CA3A_32F7_11D2_9602_00C04F8EE628_0_5_4
[ 2025-07-14 12:28:18,736 ] comtypes.client._generate - INFO - # Generating comtypes.gen.SpeechLib
